<?xml version="1.0" encoding="UTF-8"?>
<!-- Generated by org.testng.reporters.JUnitReportReporter -->
<testsuite hostname="DESKTOP-GOSHU73" failures="0" tests="1" name="Tests.TestNg2" time="13.410" errors="0" timestamp="2023-10-17T12:08:15 IST" skipped="0">
  <testcase classname="Tests.TestNg2" name="TestBecomeASeller" time="13.410"/>
</testsuite> <!-- Tests.TestNg2 -->
